<?xml version="1.0" encoding="UTF-8"?>
<!-- Generated by org.testng.reporters.JUnitReportReporter -->
<testsuite hostname="LP-5CD91295MD" failures="0" tests="1" name="functionality.login2" time="52.661" errors="0" timestamp="2022-01-17T16:27:41 IST" skipped="0">
  <testcase classname="functionality.login2" name="loginfun" time="52.661"/>
  <system-out/>
</testsuite> <!-- functionality.login2 -->
